Content-Type: multipart/alternative;
 boundary="===============6093118655715260934=="
MIME-Version: 1.0
Subject: New invitation!
From: feelings@example.com
To: ojhadibyanshu92@gmail.com
Date: Mon, 20 Jul 2020 12:50:53 -0000
Message-ID: <20200720125053.19964.46882@LAPTOP-67UBLPUJ>

--===============6093118655715260934==
MIME-Version: 1.0
Content-Type: text/plain; charset="utf-8"
Content-Transfer-Encoding: 7bit

Hi divyanshu kumar!

You've been invited to join machino parivar by .

Thanks!

Feelings

--===============6093118655715260934==
MIME-Version: 1.0
Content-Type: text/html; charset="utf-8"
Content-Transfer-Encoding: 7bit

<p>Hi divyanshu kumar!</p>

<p>You've been invited to join machino parivar by .</p>

<p>Thanks!</p>

<p>Feelings</p>

--===============6093118655715260934==--

-------------------------------------------------------------------------------
