Content-Type: multipart/alternative;
 boundary="===============8640271977248518540=="
MIME-Version: 1.0
Subject: New invitation!
From: feelings@example.com
To: ojhadibyanshu92@gmail.com
Date: Mon, 20 Jul 2020 12:50:23 -0000
Message-ID: <20200720125023.19964.35503@LAPTOP-67UBLPUJ>

--===============8640271977248518540==
MIME-Version: 1.0
Content-Type: text/plain; charset="utf-8"
Content-Transfer-Encoding: 7bit

Hi divyanshu kumar!

You've been invited to join steag by .

Thanks!

Feelings

--===============8640271977248518540==
MIME-Version: 1.0
Content-Type: text/html; charset="utf-8"
Content-Transfer-Encoding: 7bit

<p>Hi divyanshu kumar!</p>

<p>You've been invited to join steag by .</p>

<p>Thanks!</p>

<p>Feelings</p>

--===============8640271977248518540==--

-------------------------------------------------------------------------------
