Content-Type: multipart/alternative;
 boundary="===============7109568918996384036=="
MIME-Version: 1.0
Subject: New invitation!
From: feelings@example.com
To: ojhadibyanshu92@gmail.com
Date: Mon, 20 Jul 2020 16:00:38 -0000
Message-ID: <20200720160038.1600.38185@LAPTOP-67UBLPUJ>

--===============7109568918996384036==
MIME-Version: 1.0
Content-Type: text/plain; charset="utf-8"
Content-Transfer-Encoding: 7bit

Hi divyanshu kumar!

You've been invited to join steag by .

Thanks!

Feelings

--===============7109568918996384036==
MIME-Version: 1.0
Content-Type: text/html; charset="utf-8"
Content-Transfer-Encoding: 7bit

<p>Hi divyanshu kumar!</p>

<p>You've been invited to join steag by .</p>

<p>Thanks!</p>

<p>Feelings</p>

--===============7109568918996384036==--

-------------------------------------------------------------------------------
